Build started 12/5/2011 2:59:52 PM.
     1>Project "D:\Microsoft Studio 2010\C++\assignment\a\a\a.vcxproj" on node 2 (build target(s)).
     1>PrepareForBuild:
         Creating directory "D:\Microsoft Studio 2010\C++\assignment\a\Debug\".
       InitializeBuildStatus:
         Creating "Debug\a.unsuccessfulbuild" because "AlwaysCreate" was specified.
       ClCompile:
         C:\Program Files\Microsoft Visual Studio 10.0\VC\bin\CL.exe /c /ZI /nologo /W3 /WX- /Od /Oy- /D WIN32 /D _DEBUG /D _CONSOLE /D _UNICODE /D UNICODE /Gm /EHsc /RTC1 /MDd /GS /fp:precise /Zc:wchar_t /Zc:forScope /Fo"Debug\\" /Fd"Debug\vc100.pdb" /Gd /TP /analyze- /errorReport:prompt Source2.cpp
         Source2.cpp
     1>d:\microsoft studio 2010\c++\assignment\a\a\source2.cpp(140): warning C4244: '=' : conversion from 'double' to 'int', possible loss of data
     1>d:\microsoft studio 2010\c++\assignment\a\a\source2.cpp(144): warning C4244: '=' : conversion from 'double' to 'int', possible loss of data
     1>d:\microsoft studio 2010\c++\assignment\a\a\source2.cpp(148): warning C4244: '=' : conversion from 'double' to 'int', possible loss of data
     1>d:\microsoft studio 2010\c++\assignment\a\a\source2.cpp(179): warning C4244: '=' : conversion from 'double' to 'int', possible loss of data
     1>d:\microsoft studio 2010\c++\assignment\a\a\source2.cpp(183): warning C4244: '=' : conversion from 'double' to 'int', possible loss of data
     1>d:\microsoft studio 2010\c++\assignment\a\a\source2.cpp(354): warning C4996: 'strcpy': This function or variable may be unsafe. Consider using strcpy_s instead. To disable deprecation, use _CRT_SECURE_NO_WARNINGS. See online help for details.
                 c:\program files\microsoft visual studio 10.0\vc\include\string.h(105) : see declaration of 'strcpy'
     1>d:\microsoft studio 2010\c++\assignment\a\a\source2.cpp(450): warning C4244: '=' : conversion from 'double' to 'int', possible loss of data
       ManifestResourceCompile:
         C:\Program Files\Microsoft SDKs\Windows\v7.0A\bin\rc.exe /nologo /fo"Debug\a.exe.embed.manifest.res" Debug\a_manifest.rc 
       Link:
         C:\Program Files\Microsoft Visual Studio 10.0\VC\bin\link.exe /ERRORREPORT:PROMPT /OUT:"D:\Microsoft Studio 2010\C++\assignment\a\Debug\a.exe" /INCREMENTAL /NOLOGO kernel32.lib user32.lib gdi32.lib winspool.lib comdlg32.lib advapi32.lib shell32.lib ole32.lib oleaut32.lib uuid.lib odbc32.lib odbccp32.lib /MANIFEST /ManifestFile:"Debug\a.exe.intermediate.manifest" /MANIFESTUAC:"level='asInvoker' uiAccess='false'" /DEBUG /PDB:"D:\Microsoft Studio 2010\C++\assignment\a\Debug\a.pdb" /SUBSYSTEM:CONSOLE /TLBID:1 /DYNAMICBASE /NXCOMPAT /IMPLIB:"D:\Microsoft Studio 2010\C++\assignment\a\Debug\a.lib" /MACHINE:X86 Debug\a.exe.embed.manifest.res
         Debug\Source2.obj
       Manifest:
         C:\Program Files\Microsoft SDKs\Windows\v7.0A\bin\mt.exe /nologo /verbose /out:"Debug\a.exe.embed.manifest" /manifest Debug\a.exe.intermediate.manifest
         C:\Program Files\Microsoft SDKs\Windows\v7.0A\bin\rc.exe /nologo /fo"Debug\a.exe.embed.manifest.res" Debug\a_manifest.rc 
       LinkEmbedManifest:
         C:\Program Files\Microsoft Visual Studio 10.0\VC\bin\link.exe /ERRORREPORT:PROMPT /OUT:"D:\Microsoft Studio 2010\C++\assignment\a\Debug\a.exe" /INCREMENTAL /NOLOGO kernel32.lib user32.lib gdi32.lib winspool.lib comdlg32.lib advapi32.lib shell32.lib ole32.lib oleaut32.lib uuid.lib odbc32.lib odbccp32.lib /MANIFEST /ManifestFile:"Debug\a.exe.intermediate.manifest" /MANIFESTUAC:"level='asInvoker' uiAccess='false'" /DEBUG /PDB:"D:\Microsoft Studio 2010\C++\assignment\a\Debug\a.pdb" /SUBSYSTEM:CONSOLE /TLBID:1 /DYNAMICBASE /NXCOMPAT /IMPLIB:"D:\Microsoft Studio 2010\C++\assignment\a\Debug\a.lib" /MACHINE:X86 Debug\a.exe.embed.manifest.res
         Debug\Source2.obj
         a.vcxproj -> D:\Microsoft Studio 2010\C++\assignment\a\Debug\a.exe
       FinalizeBuildStatus:
         Deleting file "Debug\a.unsuccessfulbuild".
         Touching "Debug\a.lastbuildstate".
     1>Done Building Project "D:\Microsoft Studio 2010\C++\assignment\a\a\a.vcxproj" (build target(s)).

Build succeeded.

Time Elapsed 00:00:03.20
