Build started 10/19/2011 3:29:47 PM.
     1>Project "D:\Microsoft Studio 2010\C++\assignmentFive\assignmentFive\assignmentFive.vcxproj" on node 2 (build target(s)).
     1>InitializeBuildStatus:
         Creating "Debug\assignmentFive.unsuccessfulbuild" because "AlwaysCreate" was specified.
       ClCompile:
         C:\Program Files\Microsoft Visual Studio 10.0\VC\bin\CL.exe /c /ZI /nologo /W3 /WX- /Od /Oy- /D WIN32 /D _DEBUG /D _CONSOLE /D _UNICODE /D UNICODE /Gm /EHsc /RTC1 /MDd /GS /fp:precise /Zc:wchar_t /Zc:forScope /Fo"Debug\\" /Fd"Debug\vc100.pdb" /Gd /TP /analyze- /errorReport:prompt Source1.cpp
         Source1.cpp
     1>d:\microsoft studio 2010\c++\assignmentfive\assignmentfive\source1.cpp(99): warning C4244: '=' : conversion from 'double' to 'int', possible loss of data
     1>d:\microsoft studio 2010\c++\assignmentfive\assignmentfive\source1.cpp(105): warning C4244: '=' : conversion from 'double' to 'int', possible loss of data
     1>d:\microsoft studio 2010\c++\assignmentfive\assignmentfive\source1.cpp(135): warning C4244: '=' : conversion from 'double' to 'int', possible loss of data
     1>d:\microsoft studio 2010\c++\assignmentfive\assignmentfive\source1.cpp(141): warning C4244: '=' : conversion from 'double' to 'int', possible loss of data
     1>d:\microsoft studio 2010\c++\assignmentfive\assignmentfive\source1.cpp(176): warning C4244: '=' : conversion from 'double' to 'int', possible loss of data
     1>d:\microsoft studio 2010\c++\assignmentfive\assignmentfive\source1.cpp(182): warning C4244: '=' : conversion from 'double' to 'int', possible loss of data
     1>d:\microsoft studio 2010\c++\assignmentfive\assignmentfive\source1.cpp(306): warning C4996: 'strcpy': This function or variable may be unsafe. Consider using strcpy_s instead. To disable deprecation, use _CRT_SECURE_NO_WARNINGS. See online help for details.
                 c:\program files\microsoft visual studio 10.0\vc\include\string.h(105) : see declaration of 'strcpy'
       ManifestResourceCompile:
         All outputs are up-to-date.
       Link:
         C:\Program Files\Microsoft Visual Studio 10.0\VC\bin\link.exe /ERRORREPORT:PROMPT /OUT:"D:\Microsoft Studio 2010\C++\assignmentFive\Debug\assignmentFive.exe" /INCREMENTAL /NOLOGO kernel32.lib user32.lib gdi32.lib winspool.lib comdlg32.lib advapi32.lib shell32.lib ole32.lib oleaut32.lib uuid.lib odbc32.lib odbccp32.lib /MANIFEST /ManifestFile:"Debug\assignmentFive.exe.intermediate.manifest" /MANIFESTUAC:"level='asInvoker' uiAccess='false'" /DEBUG /PDB:"D:\Microsoft Studio 2010\C++\assignmentFive\Debug\assignmentFive.pdb" /SUBSYSTEM:CONSOLE /TLBID:1 /DYNAMICBASE /NXCOMPAT /IMPLIB:"D:\Microsoft Studio 2010\C++\assignmentFive\Debug\assignmentFive.lib" /MACHINE:X86 Debug\assignmentFive.exe.embed.manifest.res
         Debug\Source1.obj
       Manifest:
         C:\Program Files\Microsoft SDKs\Windows\v7.0A\bin\mt.exe /nologo /verbose /out:"Debug\assignmentFive.exe.embed.manifest" /manifest Debug\assignmentFive.exe.intermediate.manifest
         All outputs are up-to-date.
       LinkEmbedManifest:
         All outputs are up-to-date.
         assignmentFive.vcxproj -> D:\Microsoft Studio 2010\C++\assignmentFive\Debug\assignmentFive.exe
       FinalizeBuildStatus:
         Deleting file "Debug\assignmentFive.unsuccessfulbuild".
         Touching "Debug\assignmentFive.lastbuildstate".
     1>Done Building Project "D:\Microsoft Studio 2010\C++\assignmentFive\assignmentFive\assignmentFive.vcxproj" (build target(s)).

Build succeeded.

Time Elapsed 00:00:02.10
