Build started 11/14/2011 12:22:35 PM.
     1>Project "D:\Microsoft Studio 2010\C++\assignmentSeven\assignmentSeven\assignmentSeven.vcxproj" on node 2 (build target(s)).
     1>InitializeBuildStatus:
         Touching "Debug\assignmentSeven.unsuccessfulbuild".
       ClCompile:
         C:\Program Files\Microsoft Visual Studio 10.0\VC\bin\CL.exe /c /ZI /nologo /W3 /WX- /Od /Oy- /D WIN32 /D _DEBUG /D _CONSOLE /D _UNICODE /D UNICODE /Gm /EHsc /RTC1 /MDd /GS /fp:precise /Zc:wchar_t /Zc:forScope /Fo"Debug\\" /Fd"Debug\vc100.pdb" /Gd /TP /analyze- /errorReport:prompt Source1.cpp
         Source1.cpp
     1>d:\microsoft studio 2010\c++\assignmentseven\assignmentseven\source1.cpp(140): warning C4244: '=' : conversion from 'double' to 'int', possible loss of data
     1>d:\microsoft studio 2010\c++\assignmentseven\assignmentseven\source1.cpp(144): warning C4244: '=' : conversion from 'double' to 'int', possible loss of data
     1>d:\microsoft studio 2010\c++\assignmentseven\assignmentseven\source1.cpp(148): warning C4244: '=' : conversion from 'double' to 'int', possible loss of data
     1>d:\microsoft studio 2010\c++\assignmentseven\assignmentseven\source1.cpp(178): warning C4244: '=' : conversion from 'double' to 'int', possible loss of data
     1>d:\microsoft studio 2010\c++\assignmentseven\assignmentseven\source1.cpp(182): warning C4244: '=' : conversion from 'double' to 'int', possible loss of data
     1>d:\microsoft studio 2010\c++\assignmentseven\assignmentseven\source1.cpp(355): warning C4996: 'strcpy': This function or variable may be unsafe. Consider using strcpy_s instead. To disable deprecation, use _CRT_SECURE_NO_WARNINGS. See online help for details.
                 c:\program files\microsoft visual studio 10.0\vc\include\string.h(105) : see declaration of 'strcpy'
     1>d:\microsoft studio 2010\c++\assignmentseven\assignmentseven\source1.cpp(451): warning C4244: '=' : conversion from 'double' to 'int', possible loss of data
       ManifestResourceCompile:
         All outputs are up-to-date.
       Link:
         C:\Program Files\Microsoft Visual Studio 10.0\VC\bin\link.exe /ERRORREPORT:PROMPT /OUT:"D:\Microsoft Studio 2010\C++\assignmentSeven\Debug\assignmentSeven.exe" /INCREMENTAL /NOLOGO kernel32.lib user32.lib gdi32.lib winspool.lib comdlg32.lib advapi32.lib shell32.lib ole32.lib oleaut32.lib uuid.lib odbc32.lib odbccp32.lib /MANIFEST /ManifestFile:"Debug\assignmentSeven.exe.intermediate.manifest" /MANIFESTUAC:"level='asInvoker' uiAccess='false'" /DEBUG /PDB:"D:\Microsoft Studio 2010\C++\assignmentSeven\Debug\assignmentSeven.pdb" /SUBSYSTEM:CONSOLE /TLBID:1 /DYNAMICBASE /NXCOMPAT /IMPLIB:"D:\Microsoft Studio 2010\C++\assignmentSeven\Debug\assignmentSeven.lib" /MACHINE:X86 Debug\assignmentSeven.exe.embed.manifest.res
         Debug\Source1.obj
       Manifest:
         C:\Program Files\Microsoft SDKs\Windows\v7.0A\bin\mt.exe /nologo /verbose /out:"Debug\assignmentSeven.exe.embed.manifest" /manifest Debug\assignmentSeven.exe.intermediate.manifest
         C:\Program Files\Microsoft SDKs\Windows\v7.0A\bin\rc.exe /nologo /fo"Debug\assignmentSeven.exe.embed.manifest.res" Debug\assignmentSeven_manifest.rc 
       LinkEmbedManifest:
         C:\Program Files\Microsoft Visual Studio 10.0\VC\bin\link.exe /ERRORREPORT:PROMPT /OUT:"D:\Microsoft Studio 2010\C++\assignmentSeven\Debug\assignmentSeven.exe" /INCREMENTAL /NOLOGO kernel32.lib user32.lib gdi32.lib winspool.lib comdlg32.lib advapi32.lib shell32.lib ole32.lib oleaut32.lib uuid.lib odbc32.lib odbccp32.lib /MANIFEST /ManifestFile:"Debug\assignmentSeven.exe.intermediate.manifest" /MANIFESTUAC:"level='asInvoker' uiAccess='false'" /DEBUG /PDB:"D:\Microsoft Studio 2010\C++\assignmentSeven\Debug\assignmentSeven.pdb" /SUBSYSTEM:CONSOLE /TLBID:1 /DYNAMICBASE /NXCOMPAT /IMPLIB:"D:\Microsoft Studio 2010\C++\assignmentSeven\Debug\assignmentSeven.lib" /MACHINE:X86 Debug\assignmentSeven.exe.embed.manifest.res
         Debug\Source1.obj
         assignmentSeven.vcxproj -> D:\Microsoft Studio 2010\C++\assignmentSeven\Debug\assignmentSeven.exe
       FinalizeBuildStatus:
         Deleting file "Debug\assignmentSeven.unsuccessfulbuild".
         Touching "Debug\assignmentSeven.lastbuildstate".
     1>Done Building Project "D:\Microsoft Studio 2010\C++\assignmentSeven\assignmentSeven\assignmentSeven.vcxproj" (build target(s)).

Build succeeded.

Time Elapsed 00:00:07.49
